<?xml version="1.0" encoding="UTF-8"?>
<!-- Generated by org.testng.reporters.JUnitXMLReporter -->
<testsuite hostname="xujian-PC" name="test1" tests="2" failures="1" timestamp="26 Jul 2017 08:53:27 GMT" time="0.022" errors="0">
  <testcase name="test1" time="0.008" classname="test.listener.TestListener"/>
  <testcase name="test2" time="0.001" classname="test.listener.TestListener">
    <failure type="java.lang.ArithmeticException" message="/ by zero">
      <![CDATA[java.lang.ArithmeticException: / by zero
	at test.listener.TestListener.test2(TestListener.java:16)
... Removed 24 stack frames]]>
    </failure>
  </testcase> <!-- test2 -->
</testsuite> <!-- test1 -->
